<?xml version="1.0" encoding="UTF-8"?>
<testsuite xmlns:xsi="http://www.w3.org/2001/XMLSchema-instance" xsi:noNamespaceSchemaLocation="https://maven.apache.org/surefire/maven-surefire-plugin/xsd/surefire-test-report-3.0.xsd" version="3.0" name="com.devsuperior.userdept.UserdeptApplicationTests" time="8.342" tests="1" errors="0" skipped="0" failures="0">
  <properties>
[...]
</properties>
  <testcase name="contextLoads" classname="com.devsuperior.userdept.UserdeptApplicationTests" time="1.477">
    <system-out><![CDATA[11:12:51.472 [main] INFO org.springframework.test.context.support.AnnotationConfigContextLoaderUtils -- Could not detect default configuration classes for test class [com.devsuperior.userdept.UserdeptApplicationTests]: UserdeptApplicationTests does not declare any static, non-private, non-final, nested classes annotated with @Configuration.
11:12:51.816 [main] INFO org.springframework.boot.test.context.SpringBootTestContextBootstrapper -- Found @SpringBootConfiguration com.devsuperior.userdept.UserdeptApplication for test class com.devsuperior.userdept.UserdeptApplicationTests

  .   ____          _            __ _ _
 /\\ / ___'_ __ _ _(_)_ __  __ _ \ \ \ \
( ( )\___ | '_ | '_| | '_ \/ _` | \ \ \ \
 \\/  ___)| |_)| | | | | || (_| |  ) ) ) )
  '  |____| .__|_| |_|_| |_\__, | / / / /
 =========|_|==============|___/=/_/_/_/
 :: Spring Boot ::       (v3.2.5-SNAPSHOT)

2024-04-06T11:12:52.746-03:00  INFO 2616 --- [userdept] [           main] c.d.userdept.UserdeptApplicationTests    : Starting UserdeptApplicationTests using Java 22 with PID 2616 (started by joaog in C:\Users\joaog\OneDrive\Documentos\NetBeansProjects\userdept)
2024-04-06T11:12:52.747-03:00  INFO 2616 --- [userdept] [           main] c.d.userdept.UserdeptApplicationTests    : No active profile set, falling back to 1 default profile: "default"
2024-04-06T11:12:53.877-03:00  INFO 2616 --- [userdept] [           main] .s.d.r.c.RepositoryConfigurationDelegate : Bootstrapping Spring Data JPA repositories in DEFAULT mode.
2024-04-06T11:12:53.968-03:00  INFO 2616 --- [userdept] [           main] .s.d.r.c.RepositoryConfigurationDelegate : Finished Spring Data repository scanning in 77 ms. Found 1 JPA repository interface.
2024-04-06T11:12:54.622-03:00  INFO 2616 --- [userdept] [           main] com.zaxxer.hikari.HikariDataSource       : HikariPool-1 - Starting...
2024-04-06T11:12:54.894-03:00  INFO 2616 --- [userdept] [           main] com.zaxxer.hikari.pool.HikariPool        : HikariPool-1 - Added connection conn0: url=jdbc:h2:mem:testdb user=SA
2024-04-06T11:12:54.897-03:00  INFO 2616 --- [userdept] [           main] com.zaxxer.hikari.HikariDataSource       : HikariPool-1 - Start completed.
2024-04-06T11:12:54.973-03:00  INFO 2616 --- [userdept] [           main] o.hibernate.jpa.internal.util.LogHelper  : HHH000204: Processing PersistenceUnitInfo [name: default]
2024-04-06T11:12:55.054-03:00  INFO 2616 --- [userdept] [           main] org.hibernate.Version                    : HHH000412: Hibernate ORM core version 6.4.4.Final
2024-04-06T11:12:55.123-03:00  INFO 2616 --- [userdept] [           main] o.h.c.internal.RegionFactoryInitiator    : HHH000026: Second-level cache disabled
2024-04-06T11:12:55.512-03:00  INFO 2616 --- [userdept] [           main] o.s.o.j.p.SpringPersistenceUnitInfo      : No LoadTimeWeaver setup: ignoring JPA class transformer
2024-04-06T11:12:56.696-03:00  INFO 2616 --- [userdept] [           main] o.h.e.t.j.p.i.JtaPlatformInitiator       : HHH000489: No JTA platform available (set 'hibernate.transaction.jta.platform' to enable JTA platform integration)
Hibernate: 
    drop table if exists tb_department cascade 
Hibernate: 
    drop table if exists tb_user cascade 
Hibernate: 
    create table tb_department (
        id bigint generated by default as identity,
        name varchar(255),
        primary key (id)
    )
Hibernate: 
    create table tb_user (
        department_id bigint,
        id bigint generated by default as identity,
        email varchar(255),
        name varchar(255),
        primary key (id)
    )
Hibernate: 
    alter table if exists tb_user 
       add constraint FKk05pfkuxp9jsie8074d304v7m 
       foreign key (department_id) 
       references tb_department
Hibernate: INSERT INTO tb_department(name) VALUES ('Gestão')
Hibernate: INSERT INTO tb_department(name) VALUES ('Informática')
Hibernate: INSERT INTO tb_user(department_id, name, email) VALUES (1, 'Maria', 'maria@gmail.com')
Hibernate: INSERT INTO tb_user(department_id, name, email) VALUES (1, 'Bob', 'bob@gmail.com')
Hibernate: INSERT INTO tb_user(department_id, name, email) VALUES (2, 'Alex', 'alex@gmail.com')
Hibernate: INSERT INTO tb_user(department_id, name, email) VALUES (2, 'Ana', 'ana@gmail.com')
2024-04-06T11:12:56.756-03:00  INFO 2616 --- [userdept] [           main] j.LocalContainerEntityManagerFactoryBean : Initialized JPA EntityManagerFactory for persistence unit 'default'
2024-04-06T11:12:57.348-03:00  WARN 2616 --- [userdept] [           main] JpaBaseConfiguration$JpaWebConfiguration : spring.jpa.open-in-view is enabled by default. Therefore, database queries may be performed during view rendering. Explicitly configure spring.jpa.open-in-view to disable this warning
2024-04-06T11:12:57.942-03:00  INFO 2616 --- [userdept] [           main] o.s.b.a.h2.H2ConsoleAutoConfiguration    : H2 console available at '/h2-console'. Database available at 'jdbc:h2:mem:testdb'
2024-04-06T11:12:58.030-03:00  INFO 2616 --- [userdept] [           main] c.d.userdept.UserdeptApplicationTests    : Started UserdeptApplicationTests in 5.846 seconds (process running for 7.601)
]]></system-out>
    <system-err><![CDATA[WARNING: A Java agent has been loaded dynamically (C:\Users\joaog\.m2\repository\net\bytebuddy\byte-buddy-agent\1.14.12\byte-buddy-agent-1.14.12.jar)
WARNING: If a serviceability tool is in use, please run with -XX:+EnableDynamicAgentLoading to hide this warning
WARNING: If a serviceability tool is not in use, please run with -Djdk.instrument.traceUsage for more information
WARNING: Dynamic loading of agents will be disallowed by default in a future release
]]></system-err>
  </testcase>
</testsuite>